<?xml version="1.0" encoding="UTF-8"?>
<!-- Generated by org.testng.reporters.JUnitXMLReporter -->
<testsuite ignored="3" hostname="DESKTOP-601D2VQ" failures="0" tests="1" name="Default test" time="10.943" errors="0" timestamp="2024-03-02T19:15:43 EET">
  <testcase classname="jupiter.Testing" name="AddAllItem" time="10.589"/>
  <testcase classname="jupiter.Testing" name="removefirstandthirditem" time="0.0">
    <ignored/>
  </testcase> <!-- removefirstandthirditem -->
  <testcase classname="jupiter.Testing" name="AddSecoundRwo" time="0.0">
    <ignored/>
  </testcase> <!-- AddSecoundRwo -->
  <testcase classname="jupiter.Testing" name="AddHighrAMOUNT" time="0.0">
    <ignored/>
  </testcase> <!-- AddHighrAMOUNT -->
</testsuite> <!-- Default test -->
