<?xml version="1.0" encoding="UTF-8"?>
<testng-results ignored="3" total="4" passed="1" failed="0" skipped="0">
  <reporter-output>
  </reporter-output>
  <suite started-at="2024-03-02T19:15:32 EET" name="Default suite" finished-at="2024-03-02T19:15:43 EET" duration-ms="10943">
    <groups>
    </groups>
    <test started-at="2024-03-02T19:15:32 EET" name="Default test" finished-at="2024-03-02T19:15:43 EET" duration-ms="10943">
      <class name="jupiter.Testing">
        <test-method is-config="true" signature="sutup()[pri:0, instance:jupiter.Testing@5f4d427e]" started-at="2024-03-02T19:15:32 EET" name="sutup" finished-at="2024-03-02T19:15:32 EET" duration-ms="254" status="PASS">
          <reporter-output>
          </reporter-output>
        </test-method> <!-- sutup -->
        <test-method signature="AddAllItem()[pri:0, instance:jupiter.Testing@5f4d427e]" started-at="2024-03-02T19:15:32 EET" name="AddAllItem" finished-at="2024-03-02T19:15:43 EET" duration-ms="10589" status="PASS">
          <reporter-output>
          </reporter-output>
        </test-method> <!-- AddAllItem -->
        <test-method is-config="true" signature="endtest()[pri:0, instance:jupiter.Testing@5f4d427e]" started-at="2024-03-02T19:15:43 EET" name="endtest" finished-at="2024-03-02T19:15:43 EET" duration-ms="2" status="PASS">
          <reporter-output>
          </reporter-output>
        </test-method> <!-- endtest -->
      </class> <!-- jupiter.Testing -->
    </test> <!-- Default test -->
  </suite> <!-- Default suite -->
</testng-results>
